<?xml version="1.0" encoding="UTF-8"?>
<!-- Generated by org.testng.reporters.JUnitReportReporter -->
<testsuite hostname="TYSS-Nishchitha-M" failures="0" tests="1" name="repo.demo$Demo" time="0.021" errors="0" timestamp="2024-01-18T10:29:52 IST" skipped="0">
  <testcase classname="repo.demo$Demo" name="demo" time="0.021"/>
</testsuite> <!-- repo.demo$Demo -->
